gyp info it worked if it ends with ok
gyp info using node-gyp@11.0.0
gyp info using node@23.10.0 | darwin | arm64
gyp info find Python using Python version 3.12.4 found at "/opt/miniconda3/bin/python3"
gyp http GET https://nodejs.org/download/release/v23.10.0/node-v23.10.0-headers.tar.gz
gyp http 200 https://nodejs.org/download/release/v23.10.0/node-v23.10.0-headers.tar.gz
gyp http GET https://nodejs.org/download/release/v23.10.0/SHASUMS256.txt
gyp http 200 https://nodejs.org/download/release/v23.10.0/SHASUMS256.txt
gyp info spawn /opt/miniconda3/bin/python3
gyp info spawn args [
gyp info spawn args '/Users/vinayakunnithan/.nvm/versions/node/v22.14.0/lib/node_modules/npm/node_modules/node-gyp/gyp/gyp_main.py',
gyp info spawn args 'binding.gyp',
gyp info spawn args '-f',
gyp info spawn args 'make',
gyp info spawn args '-I',
gyp info spawn args '/Users/vinayakunnithan/Desktop/GatherRepo/node_modules/ursa-optional/build/config.gypi',
gyp info spawn args '-I',
gyp info spawn args '/Users/vinayakunnithan/.nvm/versions/node/v22.14.0/lib/node_modules/npm/node_modules/node-gyp/addon.gypi',
gyp info spawn args '-I',
gyp info spawn args '/Users/vinayakunnithan/Library/Caches/node-gyp/23.10.0/include/node/common.gypi',
gyp info spawn args '-Dlibrary=shared_library',
gyp info spawn args '-Dvisibility=default',
gyp info spawn args '-Dnode_root_dir=/Users/vinayakunnithan/Library/Caches/node-gyp/23.10.0',
gyp info spawn args '-Dnode_gyp_dir=/Users/vinayakunnithan/.nvm/versions/node/v22.14.0/lib/node_modules/npm/node_modules/node-gyp',
gyp info spawn args '-Dnode_lib_file=/Users/vinayakunnithan/Library/Caches/node-gyp/23.10.0/<(target_arch)/node.lib',
gyp info spawn args '-Dmodule_root_dir=/Users/vinayakunnithan/Desktop/GatherRepo/node_modules/ursa-optional',
gyp info spawn args '-Dnode_engine=v8',
gyp info spawn args '--depth=.',
gyp info spawn args '--no-parallel',
gyp info spawn args '--generator-output',
gyp info spawn args 'build',
gyp info spawn args '-Goutput_dir=.'
gyp info spawn args ]
gyp info spawn make
gyp info spawn args [ 'BUILDTYPE=Release', '-C', 'build' ]
In file included from ../src/ursaNative.cc:3:
In file included from ../src/ursaNative.h:10:
../../nan/nan.h:208:12: error: no template named 'CopyablePersistentTraits' in namespace 'v8'; did you mean simply 'CopyablePersistentTraits'?
  208 |     public v8::CopyablePersistentTraits<T> {};
      |            ^~~~~~~~~~~~~~~~~~~~~~~~~~~~
      |            CopyablePersistentTraits
../../nan/nan.h:207:7: note: 'CopyablePersistentTraits' declared here
  207 | class CopyablePersistentTraits :
      |       ^
../../nan/nan.h:208:12: error: circular inheritance between 'v8::CopyablePersistentTraits<T>' and 'CopyablePersistentTraits<T>'
  208 |     public v8::CopyablePersistentTraits<T> {};
      |            ^
../../nan/nan.h:688:39: error: no member named 'IdleNotificationDeadline' in 'v8::Isolate'
  688 |     return v8::Isolate::GetCurrent()->IdleNotificationDeadline(
      |            ~~~~~~~~~~~~~~~~~~~~~~~~~  ^
../../nan/nan.h:2548:8: error: no member named 'SetAccessor' in 'v8::ObjectTemplate'
 2548 |   tpl->SetAccessor(
      |   ~~~~~^
../../nan/nan.h:2594:8: error: no member named 'SetAccessor' in 'v8::ObjectTemplate'
 2594 |   tpl->SetAccessor(
      |   ~~~~~^
../../nan/nan.h:2638:15: error: no member named 'SetAccessor' in 'v8::Object'
 2638 |   return obj->SetAccessor(
      |          ~~~~~^
../../nan/nan.h:2714:19: error: no matching constructor for initialization of 'v8::NamedPropertyHandlerConfiguration'
 2714 |   tpl->SetHandler(v8::NamedPropertyHandlerConfiguration(
      |                   ^
 2715 |       getter_, setter_, query_, deleter_, enumerator_, obj));
      |       ~~~~~~~~~~~~~~~~~~~~~~~~~~~~~~~~~~~~~~~~~~~~~~~~~~~~
/Users/vinayakunnithan/Library/Caches/node-gyp/23.10.0/include/node/v8-template.h:785:12: note: candidate constructor not viable: no known conversion from 'imp::NativePropertyGetter' (aka 'void (*)(v8::Local<v8::Name>, const v8::PropertyCallbackInfo<v8::Value> &)') to 'NamedPropertyGetterCallback' (aka 'Intercepted (*)(Local<Name>, const PropertyCallbackInfo<Value> &)') for 1st argument
  785 |   explicit NamedPropertyHandlerConfiguration(
      |            ^
  786 |       NamedPropertyGetterCallback getter,
      |       ~~~~~~~~~~~~~~~~~~~~~~~~~~~~~~~~~~
/Users/vinayakunnithan/Library/Caches/node-gyp/23.10.0/include/node/v8-template.h:803:3: note: candidate constructor not viable: no known conversion from 'imp::NativePropertyGetter' (aka 'void (*)(v8::Local<v8::Name>, const v8::PropertyCallbackInfo<v8::Value> &)') to 'NamedPropertyGetterCallback' (aka 'Intercepted (*)(Local<Name>, const PropertyCallbackInfo<Value> &)') for 1st argument
  803 |   NamedPropertyHandlerConfiguration(
      |   ^
  804 |       NamedPropertyGetterCallback getter,          //
      |       ~~~~~~~~~~~~~~~~~~~~~~~~~~~~~~~~~~
/Users/vinayakunnithan/Library/Caches/node-gyp/23.10.0/include/node/v8-template.h:765:3: note: candidate constructor not viable: requires at least 7 arguments, but 6 were provided
  765 |   NamedPropertyHandlerConfiguration(
      |   ^
  766 |       NamedPropertyGetterCallback getter,          //
      |       ~~~~~~~~~~~~~~~~~~~~~~~~~~~~~~~~~~~~~~~~~~~~~~~
  767 |       NamedPropertySetterCallback setter,          //
      |       ~~~~~~~~~~~~~~~~~~~~~~~~~~~~~~~~~~~~~~~~~~~~~~~
  768 |       NamedPropertyQueryCallback query,            //
      |       ~~~~~~~~~~~~~~~~~~~~~~~~~~~~~~~~~~~~~~~~~~~~~~~
  769 |       NamedPropertyDeleterCallback deleter,        //
      |       ~~~~~~~~~~~~~~~~~~~~~~~~~~~~~~~~~~~~~~~~~~~~~~~
  770 |       NamedPropertyEnumeratorCallback enumerator,  //
      |       ~~~~~~~~~~~~~~~~~~~~~~~~~~~~~~~~~~~~~~~~~~~~~~~
  771 |       NamedPropertyDefinerCallback definer,        //
      |       ~~~~~~~~~~~~~~~~~~~~~~~~~~~~~~~~~~~~~~~~~~~~~~~
  772 |       NamedPropertyDescriptorCallback descriptor,  //
      |       ~~~~~~~~~~~~~~~~~~~~~~~~~~~~~~~~~~~~~~~~~~~~~~~
  773 |       Local<Value> data = Local<Value>(),
      |       ~~~~~~~~~~~~~~~~~~~~~~~~~~~~~~~~~~~
  774 |       PropertyHandlerFlags flags = PropertyHandlerFlags::kNone)
      |       ~~~~~~~~~~~~~~~~~~~~~~~~~~~~~~~~~~~~~~~~~~~~~~~~~~~~~~~~
/Users/vinayakunnithan/Library/Caches/node-gyp/23.10.0/include/node/v8-template.h:754:8: note: candidate constructor (the implicit copy constructor) not viable: requires 1 argument, but 6 were provided
  754 | struct NamedPropertyHandlerConfiguration {
      |        ^~~~~~~~~~~~~~~~~~~~~~~~~~~~~~~~~
/Users/vinayakunnithan/Library/Caches/node-gyp/23.10.0/include/node/v8-template.h:754:8: note: candidate constructor (the implicit move constructor) not viable: requires 1 argument, but 6 were provided
  754 | struct NamedPropertyHandlerConfiguration {
      |        ^~~~~~~~~~~~~~~~~~~~~~~~~~~~~~~~~
In file included from ../src/ursaNative.cc:3:
In file included from ../src/ursaNative.h:10:
../../nan/nan.h:2784:19: error: no matching constructor for initialization of 'v8::IndexedPropertyHandlerConfiguration'
 2784 |   tpl->SetHandler(v8::IndexedPropertyHandlerConfiguration(
      |                   ^
 2785 |       getter_, setter_, query_, deleter_, enumerator_, obj));
      |       ~~~~~~~~~~~~~~~~~~~~~~~~~~~~~~~~~~~~~~~~~~~~~~~~~~~~
/Users/vinayakunnithan/Library/Caches/node-gyp/23.10.0/include/node/v8-template.h:864:12: note: candidate constructor not viable: no known conversion from 'imp::NativeIndexGetter' (aka 'void (*)(unsigned int, const PropertyCallbackInfo<v8::Value> &)') to 'IndexedPropertyGetterCallbackV2' (aka 'v8::Intercepted (*)(unsigned int, const PropertyCallbackInfo<Value> &)') for 1st argument
  864 |   explicit IndexedPropertyHandlerConfiguration(
      |            ^
  865 |       IndexedPropertyGetterCallbackV2 getter = nullptr,
      |       ~~~~~~~~~~~~~~~~~~~~~~~~~~~~~~~~~~~~~~~~~~~~~~~~
/Users/vinayakunnithan/Library/Caches/node-gyp/23.10.0/include/node/v8-template.h:882:3: note: candidate constructor not viable: no known conversion from 'imp::NativeIndexGetter' (aka 'void (*)(unsigned int, const PropertyCallbackInfo<v8::Value> &)') to 'IndexedPropertyGetterCallbackV2' (aka 'v8::Intercepted (*)(unsigned int, const PropertyCallbackInfo<Value> &)') for 1st argument
  882 |   IndexedPropertyHandlerConfiguration(
      |   ^
  883 |       IndexedPropertyGetterCallbackV2 getter,
      |       ~~~~~~~~~~~~~~~~~~~~~~~~~~~~~~~~~~~~~~
/Users/vinayakunnithan/Library/Caches/node-gyp/23.10.0/include/node/v8-template.h:844:3: note: candidate constructor not viable: requires at least 7 arguments, but 6 were provided
  844 |   IndexedPropertyHandlerConfiguration(
      |   ^
  845 |       IndexedPropertyGetterCallbackV2 getter,          //
      |       ~~~~~~~~~~~~~~~~~~~~~~~~~~~~~~~~~~~~~~~~~~~~~~~~~~~
  846 |       IndexedPropertySetterCallbackV2 setter,          //
      |       ~~~~~~~~~~~~~~~~~~~~~~~~~~~~~~~~~~~~~~~~~~~~~~~~~~~
  847 |       IndexedPropertyQueryCallbackV2 query,            //
      |       ~~~~~~~~~~~~~~~~~~~~~~~~~~~~~~~~~~~~~~~~~~~~~~~~~~~
  848 |       IndexedPropertyDeleterCallbackV2 deleter,        //
      |       ~~~~~~~~~~~~~~~~~~~~~~~~~~~~~~~~~~~~~~~~~~~~~~~~~~~
  849 |       IndexedPropertyEnumeratorCallback enumerator,    //
      |       ~~~~~~~~~~~~~~~~~~~~~~~~~~~~~~~~~~~~~~~~~~~~~~~~~~~
  850 |       IndexedPropertyDefinerCallbackV2 definer,        //
      |       ~~~~~~~~~~~~~~~~~~~~~~~~~~~~~~~~~~~~~~~~~~~~~~~~~~~
  851 |       IndexedPropertyDescriptorCallbackV2 descriptor,  //
      |       ~~~~~~~~~~~~~~~~~~~~~~~~~~~~~~~~~~~~~~~~~~~~~~~~~~~
  852 |       Local<Value> data = Local<Value>(),
      |       ~~~~~~~~~~~~~~~~~~~~~~~~~~~~~~~~~~~
  853 |       PropertyHandlerFlags flags = PropertyHandlerFlags::kNone)
      |       ~~~~~~~~~~~~~~~~~~~~~~~~~~~~~~~~~~~~~~~~~~~~~~~~~~~~~~~~
/Users/vinayakunnithan/Library/Caches/node-gyp/23.10.0/include/node/v8-template.h:833:8: note: candidate constructor (the implicit copy constructor) not viable: requires 1 argument, but 6 were provided
  833 | struct IndexedPropertyHandlerConfiguration {
      |        ^~~~~~~~~~~~~~~~~~~~~~~~~~~~~~~~~~~
/Users/vinayakunnithan/Library/Caches/node-gyp/23.10.0/include/node/v8-template.h:833:8: note: candidate constructor (the implicit move constructor) not viable: requires 1 argument, but 6 were provided
  833 | struct IndexedPropertyHandlerConfiguration {
      |        ^~~~~~~~~~~~~~~~~~~~~~~~~~~~~~~~~~~
In file included from ../src/ursaNative.cc:3:
In file included from ../src/ursaNative.h:10:
In file included from ../../nan/nan.h:2950:
../../nan/nan_scriptorigin.h:19:7: error: no matching constructor for initialization of 'v8::ScriptOrigin'
   19 |       v8::ScriptOrigin(v8::Isolate::GetCurrent(), name) {}
      |       ^                ~~~~~~~~~~~~~~~~~~~~~~~~~~~~~~~
/Users/vinayakunnithan/Library/Caches/node-gyp/23.10.0/include/node/v8-message.h:64:13: note: candidate constructor not viable: no known conversion from 'Isolate *' to 'Local<Value>' for 1st argument
   64 |   V8_INLINE ScriptOrigin(Local<Value> resource_name,
      |             ^            ~~~~~~~~~~~~~~~~~~~~~~~~~~
/Users/vinayakunnithan/Library/Caches/node-gyp/23.10.0/include/node/v8-message.h:62:17: note: candidate constructor (the implicit copy constructor) not viable: requires 1 argument, but 2 were provided
   62 | class V8_EXPORT ScriptOrigin {
      |                 ^~~~~~~~~~~~
/Users/vinayakunnithan/Library/Caches/node-gyp/23.10.0/include/node/v8-message.h:62:17: note: candidate constructor (the implicit move constructor) not viable: requires 1 argument, but 2 were provided
   62 | class V8_EXPORT ScriptOrigin {
      |                 ^~~~~~~~~~~~
In file included from ../src/ursaNative.cc:3:
In file included from ../src/ursaNative.h:10:
In file included from ../../nan/nan.h:2950:
../../nan/nan_scriptorigin.h:23:7: error: no matching constructor for initialization of 'v8::ScriptOrigin'
   23 |       v8::ScriptOrigin(v8::Isolate::GetCurrent()
      |       ^                ~~~~~~~~~~~~~~~~~~~~~~~~~
   24 |                    , name
      |                    ~~~~~~
   25 |                    , To<int32_t>(line).FromMaybe(0)) {}
      |                    ~~~~~~~~~~~~~~~~~~~~~~~~~~~~~~~~
/Users/vinayakunnithan/Library/Caches/node-gyp/23.10.0/include/node/v8-message.h:64:13: note: candidate constructor not viable: no known conversion from 'Isolate *' to 'Local<Value>' for 1st argument
   64 |   V8_INLINE ScriptOrigin(Local<Value> resource_name,
      |             ^            ~~~~~~~~~~~~~~~~~~~~~~~~~~
/Users/vinayakunnithan/Library/Caches/node-gyp/23.10.0/include/node/v8-message.h:62:17: note: candidate constructor (the implicit copy constructor) not viable: requires 1 argument, but 3 were provided
   62 | class V8_EXPORT ScriptOrigin {
      |                 ^~~~~~~~~~~~
/Users/vinayakunnithan/Library/Caches/node-gyp/23.10.0/include/node/v8-message.h:62:17: note: candidate constructor (the implicit move constructor) not viable: requires 1 argument, but 3 were provided
   62 | class V8_EXPORT ScriptOrigin {
      |                 ^~~~~~~~~~~~
In file included from ../src/ursaNative.cc:3:
In file included from ../src/ursaNative.h:10:
In file included from ../../nan/nan.h:2950:
../../nan/nan_scriptorigin.h:30:7: error: no matching constructor for initialization of 'v8::ScriptOrigin'
   30 |       v8::ScriptOrigin(v8::Isolate::GetCurrent()
      |       ^                ~~~~~~~~~~~~~~~~~~~~~~~~~
   31 |                    , name
      |                    ~~~~~~
   32 |                    , To<int32_t>(line).FromMaybe(0)
      |                    ~~~~~~~~~~~~~~~~~~~~~~~~~~~~~~~~
   33 |                    , To<int32_t>(column).FromMaybe(0)) {}
      |                    ~~~~~~~~~~~~~~~~~~~~~~~~~~~~~~~~~~
/Users/vinayakunnithan/Library/Caches/node-gyp/23.10.0/include/node/v8-message.h:64:13: note: candidate constructor not viable: no known conversion from 'Isolate *' to 'Local<Value>' for 1st argument
   64 |   V8_INLINE ScriptOrigin(Local<Value> resource_name,
      |             ^            ~~~~~~~~~~~~~~~~~~~~~~~~~~
/Users/vinayakunnithan/Library/Caches/node-gyp/23.10.0/include/node/v8-message.h:62:17: note: candidate constructor (the implicit copy constructor) not viable: requires 1 argument, but 4 were provided
   62 | class V8_EXPORT ScriptOrigin {
      |                 ^~~~~~~~~~~~
/Users/vinayakunnithan/Library/Caches/node-gyp/23.10.0/include/node/v8-message.h:62:17: note: candidate constructor (the implicit move constructor) not viable: requires 1 argument, but 4 were provided
   62 | class V8_EXPORT ScriptOrigin {
      |                 ^~~~~~~~~~~~
../src/ursaNative.cc:543:32: error: too few arguments to function call, single argument 'isolate' was not specified
  543 |   int length = str->Utf8Length();
      |                ~~~~~~~~~~~~~~~ ^
/Users/vinayakunnithan/Library/Caches/node-gyp/23.10.0/include/node/v8-primitive.h:143:7: note: 'Utf8Length' declared here
  143 |   int Utf8Length(Isolate* isolate) const;
      |       ^          ~~~~~~~~~~~~~~~~
../src/ursaNative.cc:553:18: error: cannot initialize a parameter of type 'Isolate *' with an lvalue of type 'char *'
  553 |   str->WriteUtf8(result, length + 1);
      |                  ^~~~~~
/Users/vinayakunnithan/Library/Caches/node-gyp/23.10.0/include/node/v8-primitive.h:203:26: note: passing argument to parameter 'isolate' here
  203 |   int WriteUtf8(Isolate* isolate, char* buffer, int length = -1,
      |                          ^
../src/ursaNative.cc:588:17: warning: 'RSA_new' is deprecated [-Wdeprecated-declarations]
  588 |   RSA *result = RSA_new();
      |                 ^
/Users/vinayakunnithan/Library/Caches/node-gyp/23.10.0/include/node/openssl/rsa.h:201:1: note: 'RSA_new' has been explicitly marked deprecated here
  201 | OSSL_DEPRECATEDIN_3_0 RSA *RSA_new(void);
      | ^
/Users/vinayakunnithan/Library/Caches/node-gyp/23.10.0/include/node/openssl/macros.h:182:49: note: expanded from macro 'OSSL_DEPRECATEDIN_3_0'
  182 | #   define OSSL_DEPRECATEDIN_3_0                OSSL_DEPRECATED(3.0)
      |                                                 ^
/Users/vinayakunnithan/Library/Caches/node-gyp/23.10.0/include/node/openssl/macros.h:62:52: note: expanded from macro 'OSSL_DEPRECATED'
   62 | #     define OSSL_DEPRECATED(since) __attribute__((deprecated))
      |                                                    ^
../src/ursaNative.cc:596:7: warning: 'RSA_generate_key_ex' is deprecated [-Wdeprecated-declarations]
  596 |   if (RSA_generate_key_ex(result, num, eBig, NULL) < 0)
      |       ^
/Users/vinayakunnithan/Library/Caches/node-gyp/23.10.0/include/node/openssl/rsa.h:260:1: note: 'RSA_generate_key_ex' has been explicitly marked deprecated here
  260 | OSSL_DEPRECATEDIN_3_0 int RSA_generate_key_ex(RSA *rsa, int bits, BIGNUM *e,
      | ^
/Users/vinayakunnithan/Library/Caches/node-gyp/23.10.0/include/node/openssl/macros.h:182:49: note: expanded from macro 'OSSL_DEPRECATEDIN_3_0'
  182 | #   define OSSL_DEPRECATEDIN_3_0                OSSL_DEPRECATED(3.0)
      |                                                 ^
/Users/vinayakunnithan/Library/Caches/node-gyp/23.10.0/include/node/openssl/macros.h:62:52: note: expanded from macro 'OSSL_DEPRECATED'
   62 | #     define OSSL_DEPRECATED(since) __attribute__((deprecated))
      |                                                    ^
../src/ursaNative.cc:598:5: warning: 'RSA_free' is deprecated [-Wdeprecated-declarations]
  598 |     RSA_free(result);
      |     ^
/Users/vinayakunnithan/Library/Caches/node-gyp/23.10.0/include/node/openssl/rsa.h:293:1: note: 'RSA_free' has been explicitly marked deprecated here
  293 | OSSL_DEPRECATEDIN_3_0 void RSA_free(RSA *r);
      | ^
/Users/vinayakunnithan/Library/Caches/node-gyp/23.10.0/include/node/openssl/macros.h:182:49: note: expanded from macro 'OSSL_DEPRECATEDIN_3_0'
  182 | #   define OSSL_DEPRECATEDIN_3_0                OSSL_DEPRECATED(3.0)
      |                                                 ^
/Users/vinayakunnithan/Library/Caches/node-gyp/23.10.0/include/node/openssl/macros.h:62:52: note: expanded from macro 'OSSL_DEPRECATED'
   62 | #     define OSSL_DEPRECATED(since) __attribute__((deprecated))
      |                                                    ^
../src/ursaNative.cc:690:68: error: too few arguments to function call, single argument 'context' was not specified
  690 |   target->Set(NanNew("RsaWrap").ToLocalChecked(), tpl->GetFunction());
      |                                                   ~~~~~~~~~~~~~~~~ ^
/Users/vinayakunnithan/Library/Caches/node-gyp/23.10.0/include/node/v8-template.h:604:46: note: 'GetFunction' declared here
  604 |   V8_WARN_UNUSED_RESULT MaybeLocal<Function> GetFunction(
      |                                              ^
  605 |       Local<Context> context);
      |       ~~~~~~~~~~~~~~~~~~~~~~
../src/ursaNative.cc:690:11: error: no matching member function for call to 'Set'
  690 |   target->Set(NanNew("RsaWrap").ToLocalChecked(), tpl->GetFunction());
      |   ~~~~~~~~^~~
/Users/vinayakunnithan/Library/Caches/node-gyp/23.10.0/include/node/v8-object.h:239:37: note: candidate function not viable: requires 3 arguments, but 2 were provided
  239 |   V8_WARN_UNUSED_RESULT Maybe<bool> Set(Local<Context> context,
      |                                     ^   ~~~~~~~~~~~~~~~~~~~~~~~
  240 |                                         Local<Value> key, Local<Value> value);
      |                                         ~~~~~~~~~~~~~~~~~~~~~~~~~~~~~~~~~~~~
/Users/vinayakunnithan/Library/Caches/node-gyp/23.10.0/include/node/v8-object.h:245:37: note: candidate function not viable: requires 3 arguments, but 2 were provided
  245 |   V8_WARN_UNUSED_RESULT Maybe<bool> Set(Local<Context> context, uint32_t index,
      |                                     ^   ~~~~~~~~~~~~~~~~~~~~~~~~~~~~~~~~~~~~~~~
  246 |                                         Local<Value> value);
      |                                         ~~~~~~~~~~~~~~~~~~
/Users/vinayakunnithan/Library/Caches/node-gyp/23.10.0/include/node/v8-object.h:241:37: note: candidate function not viable: requires 4 arguments, but 2 were provided
  241 |   V8_WARN_UNUSED_RESULT Maybe<bool> Set(Local<Context> context,
      |                                     ^   ~~~~~~~~~~~~~~~~~~~~~~~
  242 |                                         Local<Value> key, Local<Value> value,
      |                                         ~~~~~~~~~~~~~~~~~~~~~~~~~~~~~~~~~~~~~
  243 |                                         MaybeLocal<Object> receiver);
      |                                         ~~~~~~~~~~~~~~~~~~~~~~~~~~~
../src/ursaNative.cc:691:38: error: too few arguments to function call, single argument 'context' was not specified
  691 |   constructor.Reset(tpl->GetFunction());
      |                     ~~~~~~~~~~~~~~~~ ^
/Users/vinayakunnithan/Library/Caches/node-gyp/23.10.0/include/node/v8-template.h:604:46: note: 'GetFunction' declared here
  604 |   V8_WARN_UNUSED_RESULT MaybeLocal<Function> GetFunction(
      |                                              ^
  605 |       Local<Context> context);
      |       ~~~~~~~~~~~~~~~~~~~~~~
../src/ursaNative.cc:691:15: error: no matching member function for call to 'Reset'
  691 |   constructor.Reset(tpl->GetFunction());
      |   ~~~~~~~~~~~~^~~~~
../../nan/nan_persistent_12_inl.h:28:15: note: candidate template ignored: could not match 'Local' against 'MaybeLocal'
   28 |   inline void Reset(const v8::Local<S> &other) {
      |               ^
../../nan/nan_persistent_12_inl.h:33:15: note: candidate template ignored: could not match 'PersistentBase' against 'MaybeLocal'
   33 |   inline void Reset(const v8::PersistentBase<S> &other) {
      |               ^
../../nan/nan_persistent_12_inl.h:25:15: note: candidate function not viable: requires 0 arguments, but 1 was provided
   25 |   inline void Reset() { v8::PersistentBase<T>::Reset(); }
      |               ^
../src/ursaNative.cc:693:104: error: too few arguments to function call, single argument 'context' was not specified
  693 |   target->Set(NanNew("textToNid").ToLocalChecked(), Nan::New<FunctionTemplate>(TextToNid)->GetFunction());
      |                                                     ~~~~~~~~~~~~~~~~~~~~~~~~~~~~~~~~~~~~~~~~~~~~~~~~~~ ^
/Users/vinayakunnithan/Library/Caches/node-gyp/23.10.0/include/node/v8-template.h:604:46: note: 'GetFunction' declared here
  604 |   V8_WARN_UNUSED_RESULT MaybeLocal<Function> GetFunction(
      |                                              ^
  605 |       Local<Context> context);
      |       ~~~~~~~~~~~~~~~~~~~~~~
../src/ursaNative.cc:693:11: error: no matching member function for call to 'Set'
  693 |   target->Set(NanNew("textToNid").ToLocalChecked(), Nan::New<FunctionTemplate>(TextToNid)->GetFunction());
      |   ~~~~~~~~^~~
/Users/vinayakunnithan/Library/Caches/node-gyp/23.10.0/include/node/v8-object.h:239:37: note: candidate function not viable: requires 3 arguments, but 2 were provided
  239 |   V8_WARN_UNUSED_RESULT Maybe<bool> Set(Local<Context> context,
      |                                     ^   ~~~~~~~~~~~~~~~~~~~~~~~
  240 |                                         Local<Value> key, Local<Value> value);
      |                                         ~~~~~~~~~~~~~~~~~~~~~~~~~~~~~~~~~~~~
/Users/vinayakunnithan/Library/Caches/node-gyp/23.10.0/include/node/v8-object.h:245:37: note: candidate function not viable: requires 3 arguments, but 2 were provided
  245 |   V8_WARN_UNUSED_RESULT Maybe<bool> Set(Local<Context> context, uint32_t index,
      |                                     ^   ~~~~~~~~~~~~~~~~~~~~~~~~~~~~~~~~~~~~~~~
  246 |                                         Local<Value> value);
      |                                         ~~~~~~~~~~~~~~~~~~
/Users/vinayakunnithan/Library/Caches/node-gyp/23.10.0/include/node/v8-object.h:241:37: note: candidate function not viable: requires 4 arguments, but 2 were provided
  241 |   V8_WARN_UNUSED_RESULT Maybe<bool> Set(Local<Context> context,
      |                                     ^   ~~~~~~~~~~~~~~~~~~~~~~~
  242 |                                         Local<Value> key, Local<Value> value,
      |                                         ~~~~~~~~~~~~~~~~~~~~~~~~~~~~~~~~~~~~~
  243 |                                         MaybeLocal<Object> receiver);
      |                                         ~~~~~~~~~~~~~~~~~~~~~~~~~~~
../src/ursaNative.cc:713:5: warning: 'RSA_free' is deprecated [-Wdeprecated-declarations]
  713 |     RSA_free(rsa);
      |     ^
/Users/vinayakunnithan/Library/Caches/node-gyp/23.10.0/include/node/openssl/rsa.h:293:1: note: 'RSA_free' has been explicitly marked deprecated here
  293 | OSSL_DEPRECATEDIN_3_0 void RSA_free(RSA *r);
      | ^
/Users/vinayakunnithan/Library/Caches/node-gyp/23.10.0/include/node/openssl/macros.h:182:49: note: expanded from macro 'OSSL_DEPRECATEDIN_3_0'
  182 | #   define OSSL_DEPRECATEDIN_3_0                OSSL_DEPRECATED(3.0)
      |                                                 ^
/Users/vinayakunnithan/Library/Caches/node-gyp/23.10.0/include/node/openssl/macros.h:62:52: note: expanded from macro 'OSSL_DEPRECATED'
   62 | #     define OSSL_DEPRECATED(since) __attribute__((deprecated))
      |                                                    ^
../src/ursaNative.cc:740:16: warning: 'RSA_new' is deprecated [-Wdeprecated-declarations]
  740 |     obj->rsa = RSA_new();
      |                ^
/Users/vinayakunnithan/Library/Caches/node-gyp/23.10.0/include/node/openssl/rsa.h:201:1: note: 'RSA_new' has been explicitly marked deprecated here
  201 | OSSL_DEPRECATEDIN_3_0 RSA *RSA_new(void);
      | ^
/Users/vinayakunnithan/Library/Caches/node-gyp/23.10.0/include/node/openssl/macros.h:182:49: note: expanded from macro 'OSSL_DEPRECATEDIN_3_0'
  182 | #   define OSSL_DEPRECATEDIN_3_0                OSSL_DEPRECATED(3.0)
      |                                                 ^
/Users/vinayakunnithan/Library/Caches/node-gyp/23.10.0/include/node/openssl/macros.h:62:52: note: expanded from macro 'OSSL_DEPRECATED'
   62 | #     define OSSL_DEPRECATED(since) __attribute__((deprecated))
      |                                                    ^
../src/ursaNative.cc:748:3: warning: 'RSA_set0_key' is deprecated [-Wdeprecated-declarations]
  748 |   RSA_set0_key(obj->rsa, obj->rsa_n, obj->rsa_e, NULL);
      |   ^
/Users/vinayakunnithan/Library/Caches/node-gyp/23.10.0/include/node/openssl/rsa.h:207:1: note: 'RSA_set0_key' has been explicitly marked deprecated here
  207 | OSSL_DEPRECATEDIN_3_0 int RSA_set0_key(RSA *r, BIGNUM *n, BIGNUM *e, BIGNUM *d);
      | ^
/Users/vinayakunnithan/Library/Caches/node-gyp/23.10.0/include/node/openssl/macros.h:182:49: note: expanded from macro 'OSSL_DEPRECATEDIN_3_0'
  182 | #   define OSSL_DEPRECATEDIN_3_0                OSSL_DEPRECATED(3.0)
      |                                                 ^
/Users/vinayakunnithan/Library/Caches/node-gyp/23.10.0/include/node/openssl/macros.h:62:52: note: expanded from macro 'OSSL_DEPRECATED'
   62 | #     define OSSL_DEPRECATED(since) __attribute__((deprecated))
      |                                                    ^
../src/ursaNative.cc:766:5: warning: 'RSA_get0_key' is deprecated [-Wdeprecated-declarations]
  766 |     RSA_get0_key(obj->rsa, NULL, NULL, (const BIGNUM **)&obj->rsa_d);
      |     ^
/Users/vinayakunnithan/Library/Caches/node-gyp/23.10.0/include/node/openssl/rsa.h:217:1: note: 'RSA_get0_key' has been explicitly marked deprecated here
  217 | OSSL_DEPRECATEDIN_3_0 void RSA_get0_key(const RSA *r,
      | ^
/Users/vinayakunnithan/Library/Caches/node-gyp/23.10.0/include/node/openssl/macros.h:182:49: note: expanded from macro 'OSSL_DEPRECATEDIN_3_0'
  182 | #   define OSSL_DEPRECATEDIN_3_0                OSSL_DEPRECATED(3.0)
      |                                                 ^
/Users/vinayakunnithan/Library/Caches/node-gyp/23.10.0/include/node/openssl/macros.h:62:52: note: expanded from macro 'OSSL_DEPRECATED'
   62 | #     define OSSL_DEPRECATED(since) __attribute__((deprecated))
      |                                                    ^
fatal error: too many errors emitted, stopping now [-ferror-limit=]
7 warnings and 20 errors generated.
make: *** [Release/obj.target/ursaNative/src/ursaNative.o] Error 1
gyp ERR! build error 
gyp ERR! stack Error: `make` failed with exit code: 2
gyp ERR! stack at ChildProcess.<anonymous> (/Users/vinayakunnithan/.nvm/versions/node/v22.14.0/lib/node_modules/npm/node_modules/node-gyp/lib/build.js:216:23)
gyp ERR! System Darwin 24.3.0
gyp ERR! command "/opt/homebrew/Cellar/node/23.10.0_1/bin/node" "/Users/vinayakunnithan/.nvm/versions/node/v22.14.0/lib/node_modules/npm/node_modules/node-gyp/bin/node-gyp.js" "rebuild"
gyp ERR! cwd /Users/vinayakunnithan/Desktop/GatherRepo/node_modules/ursa-optional
gyp ERR! node -v v23.10.0
gyp ERR! node-gyp -v v11.0.0
gyp ERR! not ok 
