
> ursa-optional@0.9.10 rebuild
> node-gyp rebuild

Building the projects in this solution one at a time. To enable parallel build, please add the "-m" switch.
  ursaNative.cc
C:\Users\vinay\Videos\EEE-Stores Backup\Offical Github\GatherRepo\node_modules\ursa-optional\src\ursaNative.cc(543,32): error C2660: 'v8::String::Utf8Length': function does not take 0 arguments [C:\Users\vinay\Videos\EEE-Stores Backup\Offical Github\GatherRepo\node_modules\ursa-optional\build\ursaNative.vcxproj]
C:\Users\vinay\AppData\Local\node-gyp\Cache\18.18.0\include\node\v8-primitive.h(142,7): message : see declaration of 'v8::String::Utf8Length' [C:\Users\vinay\Videos\EEE-Stores Backup\Offical Github\GatherRepo\node_modules\ursa-optional\build\ursaNative.vcxproj]
C:\Users\vinay\Videos\EEE-Stores Backup\Offical Github\GatherRepo\node_modules\ursa-optional\src\ursaNative.cc(553,36): error C2664: 'int v8::String::WriteUtf8(v8::Isolate *,char *,int,int *,int) const': cannot convert argument 1 from 'char *' to 'v8::Isolate *' [C:\Users\vinay\Videos\EEE-Stores Backup\Offical Github\GatherRepo\node_modules\ursa-optional\build\ursaNative.vcxproj]
C:\Users\vinay\Videos\EEE-Stores Backup\Offical Github\GatherRepo\node_modules\ursa-optional\src\ursaNative.cc(553,18): message : Types pointed to are unrelated; conversion requires reinterpret_cast, C-style cast or function-style cast [C:\Users\vinay\Videos\EEE-Stores Backup\Offical Github\GatherRepo\node_modules\ursa-optional\build\ursaNative.vcxproj]
C:\Users\vinay\AppData\Local\node-gyp\Cache\18.18.0\include\node\v8-primitive.h(202,7): message : see declaration of 'v8::String::WriteUtf8' [C:\Users\vinay\Videos\EEE-Stores Backup\Offical Github\GatherRepo\node_modules\ursa-optional\build\ursaNative.vcxproj]
C:\Users\vinay\Videos\EEE-Stores Backup\Offical Github\GatherRepo\node_modules\ursa-optional\src\ursaNative.cc(588,17): warning C4996: 'RSA_new': Since OpenSSL 3.0 [C:\Users\vinay\Videos\EEE-Stores Backup\Offical Github\GatherRepo\node_modules\ursa-optional\build\ursaNative.vcxproj]
C:\Users\vinay\Videos\EEE-Stores Backup\Offical Github\GatherRepo\node_modules\ursa-optional\src\ursaNative.cc(596,7): warning C4996: 'RSA_generate_key_ex': Since OpenSSL 3.0 [C:\Users\vinay\Videos\EEE-Stores Backup\Offical Github\GatherRepo\node_modules\ursa-optional\build\ursaNative.vcxproj]
C:\Users\vinay\Videos\EEE-Stores Backup\Offical Github\GatherRepo\node_modules\ursa-optional\src\ursaNative.cc(598,5): warning C4996: 'RSA_free': Since OpenSSL 3.0 [C:\Users\vinay\Videos\EEE-Stores Backup\Offical Github\GatherRepo\node_modules\ursa-optional\build\ursaNative.vcxproj]
C:\Users\vinay\Videos\EEE-Stores Backup\Offical Github\GatherRepo\node_modules\ursa-optional\src\ursaNative.cc(690,68): error C2660: 'v8::FunctionTemplate::GetFunction': function does not take 0 arguments [C:\Users\vinay\Videos\EEE-Stores Backup\Offical Github\GatherRepo\node_modules\ursa-optional\build\ursaNative.vcxproj]
C:\Users\vinay\AppData\Local\node-gyp\Cache\18.18.0\include\node\v8-template.h(513,46): message : see declaration of 'v8::FunctionTemplate::GetFunction' [C:\Users\vinay\Videos\EEE-Stores Backup\Offical Github\GatherRepo\node_modules\ursa-optional\build\ursaNative.vcxproj]
C:\Users\vinay\Videos\EEE-Stores Backup\Offical Github\GatherRepo\node_modules\ursa-optional\src\ursaNative.cc(690,69): error C2661: 'v8::Object::Set': no overloaded function takes 1 arguments [C:\Users\vinay\Videos\EEE-Stores Backup\Offical Github\GatherRepo\node_modules\ursa-optional\build\ursaNative.vcxproj]
C:\Users\vinay\Videos\EEE-Stores Backup\Offical Github\GatherRepo\node_modules\ursa-optional\src\ursaNative.cc(691,38): error C2660: 'v8::FunctionTemplate::GetFunction': function does not take 0 arguments [C:\Users\vinay\Videos\EEE-Stores Backup\Offical Github\GatherRepo\node_modules\ursa-optional\build\ursaNative.vcxproj]
C:\Users\vinay\AppData\Local\node-gyp\Cache\18.18.0\include\node\v8-template.h(513,46): message : see declaration of 'v8::FunctionTemplate::GetFunction' [C:\Users\vinay\Videos\EEE-Stores Backup\Offical Github\GatherRepo\node_modules\ursa-optional\build\ursaNative.vcxproj]
C:\Users\vinay\Videos\EEE-Stores Backup\Offical Github\GatherRepo\node_modules\ursa-optional\src\ursaNative.cc(691,39): error C2660: 'Nan::Persistent<v8::Function,v8::NonCopyablePersistentTraits<T>>::Reset': function does not take 1 arguments [C:\Users\vinay\Videos\EEE-Stores Backup\Offical Github\GatherRepo\node_modules\ursa-optional\build\ursaNative.vcxproj]
          with
          [
              T=v8::Function
          ]
C:\Users\vinay\Videos\EEE-Stores Backup\Offical Github\GatherRepo\node_modules\nan\nan_persistent_12_inl.h(25,15): message : see declaration of 'Nan::Persistent<v8::Function,v8::NonCopyablePersistentTraits<T>>::Reset' [C:\Users\vinay\Videos\EEE-Stores Backup\Offical Github\GatherRepo\node_modules\ursa-optional\build\ursaNative.vcxproj]
          with
          [
              T=v8::Function
          ]
C:\Users\vinay\Videos\EEE-Stores Backup\Offical Github\GatherRepo\node_modules\ursa-optional\src\ursaNative.cc(693,104): error C2660: 'v8::FunctionTemplate::GetFunction': function does not take 0 arguments [C:\Users\vinay\Videos\EEE-Stores Backup\Offical Github\GatherRepo\node_modules\ursa-optional\build\ursaNative.vcxproj]
C:\Users\vinay\AppData\Local\node-gyp\Cache\18.18.0\include\node\v8-template.h(513,46): message : see declaration of 'v8::FunctionTemplate::GetFunction' [C:\Users\vinay\Videos\EEE-Stores Backup\Offical Github\GatherRepo\node_modules\ursa-optional\build\ursaNative.vcxproj]
C:\Users\vinay\Videos\EEE-Stores Backup\Offical Github\GatherRepo\node_modules\ursa-optional\src\ursaNative.cc(693,105): error C2661: 'v8::Object::Set': no overloaded function takes 1 arguments [C:\Users\vinay\Videos\EEE-Stores Backup\Offical Github\GatherRepo\node_modules\ursa-optional\build\ursaNative.vcxproj]
C:\Users\vinay\Videos\EEE-Stores Backup\Offical Github\GatherRepo\node_modules\ursa-optional\src\ursaNative.cc(713,5): warning C4996: 'RSA_free': Since OpenSSL 3.0 [C:\Users\vinay\Videos\EEE-Stores Backup\Offical Github\GatherRepo\node_modules\ursa-optional\build\ursaNative.vcxproj]
C:\Users\vinay\Videos\EEE-Stores Backup\Offical Github\GatherRepo\node_modules\ursa-optional\src\ursaNative.cc(740,16): warning C4996: 'RSA_new': Since OpenSSL 3.0 [C:\Users\vinay\Videos\EEE-Stores Backup\Offical Github\GatherRepo\node_modules\ursa-optional\build\ursaNative.vcxproj]
C:\Users\vinay\Videos\EEE-Stores Backup\Offical Github\GatherRepo\node_modules\ursa-optional\src\ursaNative.cc(748,3): warning C4996: 'RSA_set0_key': Since OpenSSL 3.0 [C:\Users\vinay\Videos\EEE-Stores Backup\Offical Github\GatherRepo\node_modules\ursa-optional\build\ursaNative.vcxproj]
C:\Users\vinay\Videos\EEE-Stores Backup\Offical Github\GatherRepo\node_modules\ursa-optional\src\ursaNative.cc(766,5): warning C4996: 'RSA_get0_key': Since OpenSSL 3.0 [C:\Users\vinay\Videos\EEE-Stores Backup\Offical Github\GatherRepo\node_modules\ursa-optional\build\ursaNative.vcxproj]
C:\Users\vinay\Videos\EEE-Stores Backup\Offical Github\GatherRepo\node_modules\ursa-optional\src\ursaNative.cc(866,42): error C2660: 'v8::Value::Uint32Value': function does not take 0 arguments [C:\Users\vinay\Videos\EEE-Stores Backup\Offical Github\GatherRepo\node_modules\ursa-optional\build\ursaNative.vcxproj]
C:\Users\vinay\AppData\Local\node-gyp\Cache\18.18.0\include\node\v8-value.h(416,41): message : see declaration of 'v8::Value::Uint32Value' [C:\Users\vinay\Videos\EEE-Stores Backup\Offical Github\GatherRepo\node_modules\ursa-optional\build\ursaNative.vcxproj]
C:\Users\vinay\Videos\EEE-Stores Backup\Offical Github\GatherRepo\node_modules\ursa-optional\src\ursaNative.cc(867,39): error C2660: 'v8::Value::Uint32Value': function does not take 0 arguments [C:\Users\vinay\Videos\EEE-Stores Backup\Offical Github\GatherRepo\node_modules\ursa-optional\build\ursaNative.vcxproj]
C:\Users\vinay\AppData\Local\node-gyp\Cache\18.18.0\include\node\v8-value.h(416,41): message : see declaration of 'v8::Value::Uint32Value' [C:\Users\vinay\Videos\EEE-Stores Backup\Offical Github\GatherRepo\node_modules\ursa-optional\build\ursaNative.vcxproj]
C:\Users\vinay\Videos\EEE-Stores Backup\Offical Github\GatherRepo\node_modules\ursa-optional\src\ursaNative.cc(922,3): warning C4996: 'RSA_get0_key': Since OpenSSL 3.0 [C:\Users\vinay\Videos\EEE-Stores Backup\Offical Github\GatherRepo\node_modules\ursa-optional\build\ursaNative.vcxproj]
C:\Users\vinay\Videos\EEE-Stores Backup\Offical Github\GatherRepo\node_modules\ursa-optional\src\ursaNative.cc(943,3): warning C4996: 'RSA_get0_key': Since OpenSSL 3.0 [C:\Users\vinay\Videos\EEE-Stores Backup\Offical Github\GatherRepo\node_modules\ursa-optional\build\ursaNative.vcxproj]
C:\Users\vinay\Videos\EEE-Stores Backup\Offical Github\GatherRepo\node_modules\ursa-optional\src\ursaNative.cc(963,3): warning C4996: 'RSA_get0_key': Since OpenSSL 3.0 [C:\Users\vinay\Videos\EEE-Stores Backup\Offical Github\GatherRepo\node_modules\ursa-optional\build\ursaNative.vcxproj]
C:\Users\vinay\Videos\EEE-Stores Backup\Offical Github\GatherRepo\node_modules\ursa-optional\src\ursaNative.cc(1012,8): warning C4996: 'PEM_write_bio_RSAPrivateKey': Since OpenSSL 3.0 [C:\Users\vinay\Videos\EEE-Stores Backup\Offical Github\GatherRepo\node_modules\ursa-optional\build\ursaNative.vcxproj]
C:\Users\vinay\Videos\EEE-Stores Backup\Offical Github\GatherRepo\node_modules\ursa-optional\src\ursaNative.cc(1049,8): warning C4996: 'PEM_write_bio_RSA_PUBKEY': Since OpenSSL 3.0 [C:\Users\vinay\Videos\EEE-Stores Backup\Offical Github\GatherRepo\node_modules\ursa-optional\build\ursaNative.vcxproj]
C:\Users\vinay\Videos\EEE-Stores Backup\Offical Github\GatherRepo\node_modules\ursa-optional\src\ursaNative.cc(1103,38): error C2660: 'v8::Value::Uint32Value': function does not take 0 arguments [C:\Users\vinay\Videos\EEE-Stores Backup\Offical Github\GatherRepo\node_modules\ursa-optional\build\ursaNative.vcxproj]
C:\Users\vinay\AppData\Local\node-gyp\Cache\18.18.0\include\node\v8-value.h(416,41): message : see declaration of 'v8::Value::Uint32Value' [C:\Users\vinay\Videos\EEE-Stores Backup\Offical Github\GatherRepo\node_modules\ursa-optional\build\ursaNative.vcxproj]
C:\Users\vinay\Videos\EEE-Stores Backup\Offical Github\GatherRepo\node_modules\ursa-optional\src\ursaNative.cc(1095,19): warning C4996: 'RSA_size': Since OpenSSL 3.0 [C:\Users\vinay\Videos\EEE-Stores Backup\Offical Github\GatherRepo\node_modules\ursa-optional\build\ursaNative.vcxproj]
C:\Users\vinay\Videos\EEE-Stores Backup\Offical Github\GatherRepo\node_modules\ursa-optional\src\ursaNative.cc(1105,19): warning C4996: 'RSA_private_decrypt': Since OpenSSL 3.0 [C:\Users\vinay\Videos\EEE-Stores Backup\Offical Github\GatherRepo\node_modules\ursa-optional\build\ursaNative.vcxproj]
C:\Users\vinay\Videos\EEE-Stores Backup\Offical Github\GatherRepo\node_modules\ursa-optional\src\ursaNative.cc(1161,38): error C2660: 'v8::Value::Uint32Value': function does not take 0 arguments [C:\Users\vinay\Videos\EEE-Stores Backup\Offical Github\GatherRepo\node_modules\ursa-optional\build\ursaNative.vcxproj]
C:\Users\vinay\AppData\Local\node-gyp\Cache\18.18.0\include\node\v8-value.h(416,41): message : see declaration of 'v8::Value::Uint32Value' [C:\Users\vinay\Videos\EEE-Stores Backup\Offical Github\GatherRepo\node_modules\ursa-optional\build\ursaNative.vcxproj]
C:\Users\vinay\Videos\EEE-Stores Backup\Offical Github\GatherRepo\node_modules\ursa-optional\src\ursaNative.cc(1153,19): warning C4996: 'RSA_size': Since OpenSSL 3.0 [C:\Users\vinay\Videos\EEE-Stores Backup\Offical Github\GatherRepo\node_modules\ursa-optional\build\ursaNative.vcxproj]
C:\Users\vinay\Videos\EEE-Stores Backup\Offical Github\GatherRepo\node_modules\ursa-optional\src\ursaNative.cc(1163,13): warning C4996: 'RSA_private_encrypt': Since OpenSSL 3.0 [C:\Users\vinay\Videos\EEE-Stores Backup\Offical Github\GatherRepo\node_modules\ursa-optional\build\ursaNative.vcxproj]
C:\Users\vinay\Videos\EEE-Stores Backup\Offical Github\GatherRepo\node_modules\ursa-optional\src\ursaNative.cc(1218,38): error C2660: 'v8::Value::Uint32Value': function does not take 0 arguments [C:\Users\vinay\Videos\EEE-Stores Backup\Offical Github\GatherRepo\node_modules\ursa-optional\build\ursaNative.vcxproj]
C:\Users\vinay\AppData\Local\node-gyp\Cache\18.18.0\include\node\v8-value.h(416,41): message : see declaration of 'v8::Value::Uint32Value' [C:\Users\vinay\Videos\EEE-Stores Backup\Offical Github\GatherRepo\node_modules\ursa-optional\build\ursaNative.vcxproj]
C:\Users\vinay\Videos\EEE-Stores Backup\Offical Github\GatherRepo\node_modules\ursa-optional\src\ursaNative.cc(1210,19): warning C4996: 'RSA_size': Since OpenSSL 3.0 [C:\Users\vinay\Videos\EEE-Stores Backup\Offical Github\GatherRepo\node_modules\ursa-optional\build\ursaNative.vcxproj]
C:\Users\vinay\Videos\EEE-Stores Backup\Offical Github\GatherRepo\node_modules\ursa-optional\src\ursaNative.cc(1220,19): warning C4996: 'RSA_public_decrypt': Since OpenSSL 3.0 [C:\Users\vinay\Videos\EEE-Stores Backup\Offical Github\GatherRepo\node_modules\ursa-optional\build\ursaNative.vcxproj]
C:\Users\vinay\Videos\EEE-Stores Backup\Offical Github\GatherRepo\node_modules\ursa-optional\src\ursaNative.cc(1272,38): error C2660: 'v8::Value::Uint32Value': function does not take 0 arguments [C:\Users\vinay\Videos\EEE-Stores Backup\Offical Github\GatherRepo\node_modules\ursa-optional\build\ursaNative.vcxproj]
C:\Users\vinay\AppData\Local\node-gyp\Cache\18.18.0\include\node\v8-value.h(416,41): message : see declaration of 'v8::Value::Uint32Value' [C:\Users\vinay\Videos\EEE-Stores Backup\Offical Github\GatherRepo\node_modules\ursa-optional\build\ursaNative.vcxproj]
C:\Users\vinay\Videos\EEE-Stores Backup\Offical Github\GatherRepo\node_modules\ursa-optional\src\ursaNative.cc(1264,19): warning C4996: 'RSA_size': Since OpenSSL 3.0 [C:\Users\vinay\Videos\EEE-Stores Backup\Offical Github\GatherRepo\node_modules\ursa-optional\build\ursaNative.vcxproj]
C:\Users\vinay\Videos\EEE-Stores Backup\Offical Github\GatherRepo\node_modules\ursa-optional\src\ursaNative.cc(1274,13): warning C4996: 'RSA_public_encrypt': Since OpenSSL 3.0 [C:\Users\vinay\Videos\EEE-Stores Backup\Offical Github\GatherRepo\node_modules\ursa-optional\build\ursaNative.vcxproj]
C:\Users\vinay\Videos\EEE-Stores Backup\Offical Github\GatherRepo\node_modules\ursa-optional\src\ursaNative.cc(1328,16): warning C4996: 'PEM_read_bio_RSAPrivateKey': Since OpenSSL 3.0 [C:\Users\vinay\Videos\EEE-Stores Backup\Offical Github\GatherRepo\node_modules\ursa-optional\build\ursaNative.vcxproj]
C:\Users\vinay\Videos\EEE-Stores Backup\Offical Github\GatherRepo\node_modules\ursa-optional\src\ursaNative.cc(1374,14): warning C4996: 'PEM_read_bio_RSA_PUBKEY': Since OpenSSL 3.0 [C:\Users\vinay\Videos\EEE-Stores Backup\Offical Github\GatherRepo\node_modules\ursa-optional\build\ursaNative.vcxproj]
C:\Users\vinay\Videos\EEE-Stores Backup\Offical Github\GatherRepo\node_modules\ursa-optional\src\ursaNative.cc(1411,34): error C2660: 'v8::Value::Uint32Value': function does not take 0 arguments [C:\Users\vinay\Videos\EEE-Stores Backup\Offical Github\GatherRepo\node_modules\ursa-optional\build\ursaNative.vcxproj]
C:\Users\vinay\AppData\Local\node-gyp\Cache\18.18.0\include\node\v8-value.h(416,41): message : see declaration of 'v8::Value::Uint32Value' [C:\Users\vinay\Videos\EEE-Stores Backup\Offical Github\GatherRepo\node_modules\ursa-optional\build\ursaNative.vcxproj]
C:\Users\vinay\Videos\EEE-Stores Backup\Offical Github\GatherRepo\node_modules\ursa-optional\src\ursaNative.cc(1426,40): warning C4996: 'RSA_size': Since OpenSSL 3.0 [C:\Users\vinay\Videos\EEE-Stores Backup\Offical Github\GatherRepo\node_modules\ursa-optional\build\ursaNative.vcxproj]
C:\Users\vinay\Videos\EEE-Stores Backup\Offical Github\GatherRepo\node_modules\ursa-optional\src\ursaNative.cc(1430,13): warning C4996: 'RSA_sign': Since OpenSSL 3.0 [C:\Users\vinay\Videos\EEE-Stores Backup\Offical Github\GatherRepo\node_modules\ursa-optional\build\ursaNative.vcxproj]
C:\Users\vinay\Videos\EEE-Stores Backup\Offical Github\GatherRepo\node_modules\ursa-optional\src\ursaNative.cc(1477,34): error C2660: 'v8::Value::Uint32Value': function does not take 0 arguments [C:\Users\vinay\Videos\EEE-Stores Backup\Offical Github\GatherRepo\node_modules\ursa-optional\build\ursaNative.vcxproj]
C:\Users\vinay\AppData\Local\node-gyp\Cache\18.18.0\include\node\v8-value.h(416,41): message : see declaration of 'v8::Value::Uint32Value' [C:\Users\vinay\Videos\EEE-Stores Backup\Offical Github\GatherRepo\node_modules\ursa-optional\build\ursaNative.vcxproj]
C:\Users\vinay\Videos\EEE-Stores Backup\Offical Github\GatherRepo\node_modules\ursa-optional\src\ursaNative.cc(1505,13): warning C4996: 'RSA_verify': Since OpenSSL 3.0 [C:\Users\vinay\Videos\EEE-Stores Backup\Offical Github\GatherRepo\node_modules\ursa-optional\build\ursaNative.vcxproj]
C:\Users\vinay\Videos\EEE-Stores Backup\Offical Github\GatherRepo\node_modules\ursa-optional\src\ursaNative.cc(1554,34): error C2660: 'v8::Value::Uint32Value': function does not take 0 arguments [C:\Users\vinay\Videos\EEE-Stores Backup\Offical Github\GatherRepo\node_modules\ursa-optional\build\ursaNative.vcxproj]
C:\Users\vinay\AppData\Local\node-gyp\Cache\18.18.0\include\node\v8-value.h(416,41): message : see declaration of 'v8::Value::Uint32Value' [C:\Users\vinay\Videos\EEE-Stores Backup\Offical Github\GatherRepo\node_modules\ursa-optional\build\ursaNative.vcxproj]
C:\Users\vinay\Videos\EEE-Stores Backup\Offical Github\GatherRepo\node_modules\ursa-optional\src\ursaNative.cc(1584,35): error C2660: 'v8::Value::Uint32Value': function does not take 0 arguments [C:\Users\vinay\Videos\EEE-Stores Backup\Offical Github\GatherRepo\node_modules\ursa-optional\build\ursaNative.vcxproj]
C:\Users\vinay\AppData\Local\node-gyp\Cache\18.18.0\include\node\v8-value.h(416,41): message : see declaration of 'v8::Value::Uint32Value' [C:\Users\vinay\Videos\EEE-Stores Backup\Offical Github\GatherRepo\node_modules\ursa-optional\build\ursaNative.vcxproj]
C:\Users\vinay\Videos\EEE-Stores Backup\Offical Github\GatherRepo\node_modules\ursa-optional\src\ursaNative.cc(1586,41): warning C4996: 'RSA_size': Since OpenSSL 3.0 [C:\Users\vinay\Videos\EEE-Stores Backup\Offical Github\GatherRepo\node_modules\ursa-optional\build\ursaNative.vcxproj]
C:\Users\vinay\Videos\EEE-Stores Backup\Offical Github\GatherRepo\node_modules\ursa-optional\src\ursaNative.cc(1589,13): warning C4996: 'RSA_padding_add_PKCS1_PSS': Since OpenSSL 3.0 [C:\Users\vinay\Videos\EEE-Stores Backup\Offical Github\GatherRepo\node_modules\ursa-optional\build\ursaNative.vcxproj]
C:\Users\vinay\Videos\EEE-Stores Backup\Offical Github\GatherRepo\node_modules\ursa-optional\src\ursaNative.cc(1627,34): error C2660: 'v8::Value::Uint32Value': function does not take 0 arguments [C:\Users\vinay\Videos\EEE-Stores Backup\Offical Github\GatherRepo\node_modules\ursa-optional\build\ursaNative.vcxproj]
C:\Users\vinay\AppData\Local\node-gyp\Cache\18.18.0\include\node\v8-value.h(416,41): message : see declaration of 'v8::Value::Uint32Value' [C:\Users\vinay\Videos\EEE-Stores Backup\Offical Github\GatherRepo\node_modules\ursa-optional\build\ursaNative.vcxproj]
C:\Users\vinay\Videos\EEE-Stores Backup\Offical Github\GatherRepo\node_modules\ursa-optional\src\ursaNative.cc(1674,35): error C2660: 'v8::Value::Uint32Value': function does not take 0 arguments [C:\Users\vinay\Videos\EEE-Stores Backup\Offical Github\GatherRepo\node_modules\ursa-optional\build\ursaNative.vcxproj]
C:\Users\vinay\AppData\Local\node-gyp\Cache\18.18.0\include\node\v8-value.h(416,41): message : see declaration of 'v8::Value::Uint32Value' [C:\Users\vinay\Videos\EEE-Stores Backup\Offical Github\GatherRepo\node_modules\ursa-optional\build\ursaNative.vcxproj]
C:\Users\vinay\Videos\EEE-Stores Backup\Offical Github\GatherRepo\node_modules\ursa-optional\src\ursaNative.cc(1658,49): warning C4996: 'RSA_size': Since OpenSSL 3.0 [C:\Users\vinay\Videos\EEE-Stores Backup\Offical Github\GatherRepo\node_modules\ursa-optional\build\ursaNative.vcxproj]
C:\Users\vinay\Videos\EEE-Stores Backup\Offical Github\GatherRepo\node_modules\ursa-optional\src\ursaNative.cc(1676,13): warning C4996: 'RSA_verify_PKCS1_PSS': Since OpenSSL 3.0 [C:\Users\vinay\Videos\EEE-Stores Backup\Offical Github\GatherRepo\node_modules\ursa-optional\build\ursaNative.vcxproj]
C:\Users\vinay\Videos\EEE-Stores Backup\Offical Github\GatherRepo\node_modules\ursa-optional\src\ursaNative.cc(1714,14): warning C4996: 'RSA_new': Since OpenSSL 3.0 [C:\Users\vinay\Videos\EEE-Stores Backup\Offical Github\GatherRepo\node_modules\ursa-optional\build\ursaNative.vcxproj]
C:\Users\vinay\Videos\EEE-Stores Backup\Offical Github\GatherRepo\node_modules\ursa-optional\src\ursaNative.cc(1771,5): warning C4996: 'RSA_set0_key': Since OpenSSL 3.0 [C:\Users\vinay\Videos\EEE-Stores Backup\Offical Github\GatherRepo\node_modules\ursa-optional\build\ursaNative.vcxproj]
C:\Users\vinay\Videos\EEE-Stores Backup\Offical Github\GatherRepo\node_modules\ursa-optional\src\ursaNative.cc(1772,5): warning C4996: 'RSA_set0_factors': Since OpenSSL 3.0 [C:\Users\vinay\Videos\EEE-Stores Backup\Offical Github\GatherRepo\node_modules\ursa-optional\build\ursaNative.vcxproj]
C:\Users\vinay\Videos\EEE-Stores Backup\Offical Github\GatherRepo\node_modules\ursa-optional\src\ursaNative.cc(1773,5): warning C4996: 'RSA_set0_crt_params': Since OpenSSL 3.0 [C:\Users\vinay\Videos\EEE-Stores Backup\Offical Github\GatherRepo\node_modules\ursa-optional\build\ursaNative.vcxproj]
C:\Users\vinay\Videos\EEE-Stores Backup\Offical Github\GatherRepo\node_modules\ursa-optional\src\ursaNative.cc(1829,14): warning C4996: 'RSA_new': Since OpenSSL 3.0 [C:\Users\vinay\Videos\EEE-Stores Backup\Offical Github\GatherRepo\node_modules\ursa-optional\build\ursaNative.vcxproj]
C:\Users\vinay\Videos\EEE-Stores Backup\Offical Github\GatherRepo\node_modules\ursa-optional\src\ursaNative.cc(1850,5): warning C4996: 'RSA_set0_key': Since OpenSSL 3.0 [C:\Users\vinay\Videos\EEE-Stores Backup\Offical Github\GatherRepo\node_modules\ursa-optional\build\ursaNative.vcxproj]
